<?xml version="1.0" encoding="UTF-8"?>
<!-- Generated by org.testng.reporters.JUnitXMLReporter -->
<testsuite ignored="0" hostname="DESKTOP-JS1R8BP" failures="0" tests="3" name="Default test" time="2.095" errors="0" timestamp="2025-07-10T18:51:27 IST">
  <testcase classname="com.api.testing.restassured_api_tests.DynamicJson" name="addBook" time="1.523"/>
  <testcase classname="com.api.testing.restassured_api_tests.DynamicJson" name="addBook" time="0.272"/>
  <testcase classname="com.api.testing.restassured_api_tests.DynamicJson" name="addBook" time="0.261"/>
</testsuite> <!-- Default test -->
