<?xml version="1.0" encoding="UTF-8"?>
<!-- Generated by org.testng.reporters.JUnitXMLReporter -->
<testsuite ignored="0" hostname="DESKTOP-JS1R8BP" failures="0" tests="3" name="Test" time="2.236" errors="0" timestamp="2025-07-18T15:05:19 IST">
  <testcase classname="com.api.testing.restassured_api_tests.DynamicJson" name="addBook" time="1.634"/>
  <testcase classname="com.api.testing.restassured_api_tests.DynamicJson" name="addBook" time="0.289"/>
  <testcase classname="com.api.testing.restassured_api_tests.DynamicJson" name="addBook" time="0.269"/>
</testsuite> <!-- Test -->
