<?xml version="1.0" encoding="UTF-8"?>
<testng-results ignored="0" total="3" passed="3" failed="0" skipped="0">
  <reporter-output>
  </reporter-output>
  <suite started-at="2025-07-18T15:05:17 IST" name="Suite" finished-at="2025-07-18T15:05:19 IST" duration-ms="2236">
    <groups>
    </groups>
    <test started-at="2025-07-18T15:05:17 IST" name="Test" finished-at="2025-07-18T15:05:19 IST" duration-ms="2236">
      <class name="com.api.testing.restassured_api_tests.DynamicJson">
        <test-method signature="addBook(java.lang.String,java.lang.String)[pri:0, instance:com.api.testing.restassured_api_tests.DynamicJson@158d2680]" started-at="2025-07-18T15:05:17 IST" name="addBook" data-provider="BooksData" finished-at="2025-07-18T15:05:18 IST" duration-ms="1634" status="PASS">
          <params>
            <param index="0">
              <value>
                <![CDATA[ts23f]]>
              </value>
            </param>
            <param index="1">
              <value>
                <![CDATA[33363]]>
              </value>
            </param>
          </params>
          <reporter-output>
          </reporter-output>
        </test-method> <!-- addBook -->
        <test-method signature="addBook(java.lang.String,java.lang.String)[pri:0, instance:com.api.testing.restassured_api_tests.DynamicJson@158d2680]" started-at="2025-07-18T15:05:18 IST" name="addBook" data-provider="BooksData" finished-at="2025-07-18T15:05:19 IST" duration-ms="289" status="PASS">
          <params>
            <param index="0">
              <value>
                <![CDATA[s233d]]>
              </value>
            </param>
            <param index="1">
              <value>
                <![CDATA[5422]]>
              </value>
            </param>
          </params>
          <reporter-output>
          </reporter-output>
        </test-method> <!-- addBook -->
        <test-method signature="addBook(java.lang.String,java.lang.String)[pri:0, instance:com.api.testing.restassured_api_tests.DynamicJson@158d2680]" started-at="2025-07-18T15:05:19 IST" name="addBook" data-provider="BooksData" finished-at="2025-07-18T15:05:19 IST" duration-ms="269" status="PASS">
          <params>
            <param index="0">
              <value>
                <![CDATA[rs23d23fe]]>
              </value>
            </param>
            <param index="1">
              <value>
                <![CDATA[54233]]>
              </value>
            </param>
          </params>
          <reporter-output>
          </reporter-output>
        </test-method> <!-- addBook -->
      </class> <!-- com.api.testing.restassured_api_tests.DynamicJson -->
    </test> <!-- Test -->
  </suite> <!-- Suite -->
</testng-results>
