<?xml version="1.0" encoding="UTF-8"?>
<testng-results ignored="0" total="3" passed="3" failed="0" skipped="0">
  <reporter-output>
  </reporter-output>
  <suite started-at="2025-07-10T18:51:25 IST" name="Default suite" finished-at="2025-07-10T18:51:27 IST" duration-ms="2095">
    <groups>
    </groups>
    <test started-at="2025-07-10T18:51:25 IST" name="Default test" finished-at="2025-07-10T18:51:27 IST" duration-ms="2095">
      <class name="com.api.testing.restassured_api_tests.DynamicJson">
        <test-method signature="addBook(java.lang.String,java.lang.String)[pri:0, instance:com.api.testing.restassured_api_tests.DynamicJson@8f4ea7c]" started-at="2025-07-10T18:51:25 IST" name="addBook" data-provider="BooksData" finished-at="2025-07-10T18:51:26 IST" duration-ms="1523" status="PASS">
          <params>
            <param index="0">
              <value>
                <![CDATA[ts23f]]>
              </value>
            </param>
            <param index="1">
              <value>
                <![CDATA[33363]]>
              </value>
            </param>
          </params>
          <reporter-output>
          </reporter-output>
        </test-method> <!-- addBook -->
        <test-method signature="addBook(java.lang.String,java.lang.String)[pri:0, instance:com.api.testing.restassured_api_tests.DynamicJson@8f4ea7c]" started-at="2025-07-10T18:51:26 IST" name="addBook" data-provider="BooksData" finished-at="2025-07-10T18:51:26 IST" duration-ms="272" status="PASS">
          <params>
            <param index="0">
              <value>
                <![CDATA[s233d]]>
              </value>
            </param>
            <param index="1">
              <value>
                <![CDATA[5422]]>
              </value>
            </param>
          </params>
          <reporter-output>
          </reporter-output>
        </test-method> <!-- addBook -->
        <test-method signature="addBook(java.lang.String,java.lang.String)[pri:0, instance:com.api.testing.restassured_api_tests.DynamicJson@8f4ea7c]" started-at="2025-07-10T18:51:26 IST" name="addBook" data-provider="BooksData" finished-at="2025-07-10T18:51:27 IST" duration-ms="261" status="PASS">
          <params>
            <param index="0">
              <value>
                <![CDATA[rs23d23fe]]>
              </value>
            </param>
            <param index="1">
              <value>
                <![CDATA[54233]]>
              </value>
            </param>
          </params>
          <reporter-output>
          </reporter-output>
        </test-method> <!-- addBook -->
      </class> <!-- com.api.testing.restassured_api_tests.DynamicJson -->
    </test> <!-- Default test -->
  </suite> <!-- Default suite -->
</testng-results>
